<?xml version="1.0" encoding="UTF-8"?>
<!-- Generated by org.testng.reporters.JUnitReportReporter -->
<testsuite hostname="DESKTOP-03IFQFL" failures="0" tests="3" name="dataDrivenConcept.V229DataProvider_01" time="0.011" errors="0" timestamp="2024-06-13T19:12:18 IST" skipped="0">
  <testcase classname="dataDrivenConcept.V229DataProvider_01" name="testCaseData" time="0.002"/>
  <testcase classname="dataDrivenConcept.V229DataProvider_01" name="testCaseData" time="0.007"/>
  <testcase classname="dataDrivenConcept.V229DataProvider_01" name="testCaseData" time="0.002"/>
</testsuite> <!-- dataDrivenConcept.V229DataProvider_01 -->
