<?xml version="1.0" encoding="UTF-8"?>
<!-- Generated by org.testng.reporters.JUnitReportReporter -->
<testsuite hostname="DESKTOP-03IFQFL" failures="0" tests="2" name="javaConceptsExamples.V115JavaStreams" time="0.025" errors="0" timestamp="2024-04-24T22:39:58 IST" skipped="0">
  <testcase classname="javaConceptsExamples.V115JavaStreams" name="regular" time="0.021"/>
  <testcase classname="javaConceptsExamples.V115JavaStreams" name="streamFilter" time="0.004"/>
</testsuite> <!-- javaConceptsExamples.V115JavaStreams -->
