<?xml version="1.0" encoding="UTF-8"?>
<!-- Generated by org.testng.reporters.JUnitReportReporter -->
<testsuite hostname="DESKTOP-03IFQFL" failures="0" tests="1" name="section17Java_Inheritance.PS1" time="0.018" errors="0" timestamp="2024-04-30T20:29:48 IST" skipped="0">
  <testcase classname="section17Java_Inheritance.PS1" name="testRun" time="0.018"/>
</testsuite> <!-- section17Java_Inheritance.PS1 -->
