<?xml version="1.0" encoding="UTF-8"?>
<!-- Generated by org.testng.reporters.JUnitReportReporter -->
<testsuite hostname="DESKTOP-03IFQFL" failures="0" tests="1" name="dataDrivenConcept.ddd" time="0.786" errors="0" timestamp="2024-06-13T20:53:12 IST" skipped="0">
  <testcase classname="dataDrivenConcept.ddd" name="getData" time="0.786"/>
</testsuite> <!-- dataDrivenConcept.ddd -->
