<?xml version="1.0" encoding="UTF-8"?>
<!-- Generated by org.testng.reporters.JUnitReportReporter -->
<testsuite hostname="DESKTOP-03IFQFL" failures="0" tests="3" name="dataDrivenConcept.V230DataProvider_02" time="0.003" errors="0" timestamp="2024-06-14T16:23:27 IST" skipped="0">
  <testcase classname="dataDrivenConcept.V230DataProvider_02" name="testCaseData" time="0.000"/>
  <testcase classname="dataDrivenConcept.V230DataProvider_02" name="testCaseData" time="0.003"/>
  <testcase classname="dataDrivenConcept.V230DataProvider_02" name="testCaseData" time="0.000"/>
</testsuite> <!-- dataDrivenConcept.V230DataProvider_02 -->
