<?xml version="1.0" encoding="UTF-8"?>
<!-- Generated by org.testng.reporters.JUnitReportReporter -->
<testsuite hostname="DESKTOP-03IFQFL" failures="0" tests="1" name="dataDrivenConcept.DataProvider_JXL" time="0.014" errors="0" timestamp="2024-06-14T16:43:09 IST" skipped="0">
  <testcase classname="dataDrivenConcept.DataProvider_JXL" name="cr_Ins" time="0.014"/>
</testsuite> <!-- dataDrivenConcept.DataProvider_JXL -->
