<?xml version="1.0" encoding="UTF-8"?>
<!-- Generated by org.testng.reporters.JUnitReportReporter -->
<testsuite hostname="DESKTOP-03IFQFL" failures="0" tests="1" name="dataDrivenConcept.FromExcel2" time="0.667" errors="0" timestamp="2024-06-13T16:00:44 IST" skipped="0">
  <testcase classname="dataDrivenConcept.FromExcel2" name="cc" time="0.667"/>
</testsuite> <!-- dataDrivenConcept.FromExcel2 -->
